Step: step-credential-initializer-ppr89:

{"level":"warn","ts":1566488363.0075831,"logger":"fallback-logger","caller":"logging/config.go:69","msg":"Fetch GitHub commit ID from kodata failed: \"ref: refs/heads/master\" is not a valid GitHub commit ID"}
{"level":"info","ts":1566488363.0080955,"logger":"fallback-logger","caller":"creds-init/main.go:40","msg":"Credentials initialized."}
Step: step-working-dir-initializer-kq2wx:

{"level":"warn","ts":1566488363.927461,"logger":"fallback-logger","caller":"logging/config.go:69","msg":"Fetch GitHub commit ID from kodata failed: open /var/run/ko/HEAD: no such file or directory"}
{"level":"info","ts":1566488363.9549172,"logger":"fallback-logger","caller":"bash/main.go:65","msg":"Successfully executed command \"mkdir -p /workspace/source /workspace/source/charts/erundopel\""}
Step: step-place-tools:

Step: step-git-source-goodsmileduck-erundopel-master-2m87x-slnjr:

{"level":"warn","ts":1566488384.955573,"logger":"fallback-logger","caller":"logging/config.go:69","msg":"Fetch GitHub commit ID from kodata failed: \"ref: refs/heads/master\" is not a valid GitHub commit ID"}
{"level":"info","ts":1566488386.5644336,"logger":"fallback-logger","caller":"git/git.go:102","msg":"Successfully cloned https://github.com/*************/erundopel.git @ v0.0.39 in path /workspace/source"}
Step: step-git-merge:

Using SHAs from PULL_REFS=master:fde5977fd02fa7b6091e85e0207c067ac5544f09
WARNING: no SHAs to merge, falling back to initial cloned commit
Step: step-setup-**-git-credentials:

Generated Git credentials file /workspace/xdg_config/git/credentials
Step: step-build-python-unittest:


----------------------------------------------------------------------
Ran 0 tests in 0.000s

OK
Step: step-build-container-build:

[36mINFO[0m[0000] Downloading base image python:3.6-alpine3.7  
2019/08/22 15:39:50 No matching credentials were found, falling back on anonymous
[36mINFO[0m[0002] Error while retrieving image from cache: getting file info: stat /workspace/sha256:4a99bb62e7b5973e02ea2f4da411c42d4f3b4fe422a2e8328bdb5e56a5abe0b3: no such file or directory 
[36mINFO[0m[0002] Downloading base image python:3.6-alpine3.7  
2019/08/22 15:39:52 No matching credentials were found, falling back on anonymous
[36mINFO[0m[0003] Using files from context: [/workspace/source/requirements.txt] 
[36mINFO[0m[0003] Checking for cached layer cr.yandex/todo/cache:7aa63218ef7e0c9b1f3c1d24f2c65cdbecf1f5ae46a234da1740aa806ad8eb96... 
[36mINFO[0m[0004] No cached layer found for cmd RUN apk add --no-cache build-base git  && pip install -r ${DIR}/requirements.txt  && apk del build-base git 
[36mINFO[0m[0004] Unpacking rootfs as cmd RUN apk add --no-cache build-base git  && pip install -r ${DIR}/requirements.txt  && apk del build-base git requires it. 
[36mINFO[0m[0006] Taking snapshot of full filesystem...        
[36mINFO[0m[0007] ENV DIR /app                                 
[36mINFO[0m[0007] No files changed in this command, skipping snapshotting. 
[36mINFO[0m[0007] Using files from context: [/workspace/source/requirements.txt] 
[36mINFO[0m[0007] COPY requirements.txt ${DIR}/requirements.txt 
[36mINFO[0m[0007] Taking snapshot of files...                  
[36mINFO[0m[0007] RUN apk add --no-cache build-base git  && pip install -r ${DIR}/requirements.txt  && apk del build-base git 
[36mINFO[0m[0007] cmd: /bin/sh                                 
[36mINFO[0m[0007] args: [-c apk add --no-cache build-base git  && pip install -r ${DIR}/requirements.txt  && apk del build-base git] 
fetch http://dl-cdn.alpinelinux.org/alpine/v3.7/main/x86_64/APKINDEX.tar.gz
fetch http://dl-cdn.alpinelinux.org/alpine/v3.7/community/x86_64/APKINDEX.tar.gz
(1/24) Upgrading musl (1.1.18-r3 -> 1.1.18-r4)
(2/24) Installing binutils-libs (2.30-r2)
(3/24) Installing binutils (2.30-r2)
(4/24) Installing gmp (6.1.2-r1)
(5/24) Installing isl (0.18-r0)
(6/24) Installing libgomp (6.4.0-r5)
(7/24) Installing libatomic (6.4.0-r5)
(8/24) Installing pkgconf (1.3.10-r0)
(9/24) Installing libgcc (6.4.0-r5)
(10/24) Installing mpfr3 (3.1.5-r1)
(11/24) Installing mpc1 (1.0.3-r1)
(12/24) Installing libstdc++ (6.4.0-r5)
(13/24) Installing gcc (6.4.0-r5)
(14/24) Installing musl-dev (1.1.18-r4)
(15/24) Installing libc-dev (0.7.1-r0)
(16/24) Installing g++ (6.4.0-r5)
(17/24) Installing make (4.2.1-r0)
(18/24) Installing fortify-headers (0.9-r0)
(19/24) Installing build-base (0.5-r0)
(20/24) Installing libssh2 (1.8.2-r0)
(21/24) Installing libcurl (7.61.1-r2)
(22/24) Installing pcre2 (10.30-r0)
(23/24) Installing git (2.15.3-r0)
(24/24) Upgrading musl-utils (1.1.18-r3 -> 1.1.18-r4)
Executing busybox-1.27.2-r11.trigger
OK: 186 MiB in 55 packages
Collecting aioalice==1.2.4 (from -r /app/requirements.txt (line 1))
  Downloading https://files.pythonhosted.org/packages/21/b1/f5a57aba01bd056648dc36c7da403d94f3c16bf7b7e94ddf4aecf4857f88/aioAlice-1.2.4-py3-none-any.whl
Collecting motor==2.0 (from -r /app/requirements.txt (line 2))
  Downloading https://files.pythonhosted.org/packages/28/ca/a2e740ad2822cbf0d2ac4a3b2b48e043142014ab5c8c2129fa5c71c8cdb5/motor-2.0.0-py2.py3-none-any.whl (45kB)
Collecting envparse==0.2.0 (from -r /app/requirements.txt (line 3))
  Downloading https://files.pythonhosted.org/packages/2f/8d/bee8a59732c169a455627ff1557d0db180f7c352b0274480267ad3e46875/envparse-0.2.0.tar.gz
Collecting aiohttp_healthcheck==1.3.1 (from -r /app/requirements.txt (line 4))
  Downloading https://files.pythonhosted.org/packages/65/af/b15857f9da4f5721081cbb2286f47fd15ee07e169c2faa4864748be193e8/aiohttp_healthcheck-1.3.1.tar.gz
Collecting prometheus-async==19.2.0 (from -r /app/requirements.txt (line 5))
  Downloading https://files.pythonhosted.org/packages/85/19/3b0d557329b72bb4cb5af04bb5c5204bee6e8886b6520595320fb5c939d6/prometheus_async-19.2.0-py2.py3-none-any.whl
Collecting aiohttp>=3.3.2 (from aioalice==1.2.4->-r /app/requirements.txt (line 1))
  Downloading https://files.pythonhosted.org/packages/0f/58/c8b83f999da3b13e66249ea32f325be923791c0c10aee6cf16002a3effc1/aiohttp-3.5.4.tar.gz (1.1MB)
  Installing build dependencies: started
  Installing build dependencies: finished with status 'done'
  Getting requirements to build wheel: started
  Getting requirements to build wheel: finished with status 'done'
    Preparing wheel metadata: started
    Preparing wheel metadata: finished with status 'done'
Collecting attrs>=18.1.0 (from aioalice==1.2.4->-r /app/requirements.txt (line 1))
  Downloading https://files.pythonhosted.org/packages/23/96/d828354fa2dbdf216eaa7b7de0db692f12c234f7ef888cc14980ef40d1d2/attrs-19.1.0-py2.py3-none-any.whl
Collecting pymongo<4,>=3.6 (from motor==2.0->-r /app/requirements.txt (line 2))
  Downloading https://files.pythonhosted.org/packages/c0/69/9388b715d013444ae8e5d497a6825d120f6a7a67ef5aa8ddea62f601cbff/pymongo-3.9.0.tar.gz (701kB)
Collecting prometheus-client>=0.0.18 (from prometheus-async==19.2.0->-r /app/requirements.txt (line 5))
  Downloading https://files.pythonhosted.org/packages/b3/23/41a5a24b502d35a4ad50a5bb7202a5e1d9a0364d0c12f56db3dbf7aca76d/prometheus_client-0.7.1.tar.gz
Collecting wrapt (from prometheus-async==19.2.0->-r /app/requirements.txt (line 5))
  Downloading https://files.pythonhosted.org/packages/23/84/323c2415280bc4fc880ac5050dddfb3c8062c2552b34c2e512eb4aa68f79/wrapt-1.11.2.tar.gz
Collecting async-timeout<4.0,>=3.0 (from aiohttp>=3.3.2->aioalice==1.2.4->-r /app/requirements.txt (line 1))
  Downloading https://files.pythonhosted.org/packages/e1/1e/5a4441be21b0726c4464f3f23c8b19628372f606755a9d2e46c187e65ec4/async_timeout-3.0.1-py3-none-any.whl
Collecting multidict<5.0,>=4.0 (from aiohttp>=3.3.2->aioalice==1.2.4->-r /app/requirements.txt (line 1))
  Downloading https://files.pythonhosted.org/packages/7f/8f/b3c8c5b062309e854ce5b726fc101195fbaa881d306ffa5c2ba19efa3af2/multidict-4.5.2.tar.gz (105kB)
Collecting yarl<2.0,>=1.0 (from aiohttp>=3.3.2->aioalice==1.2.4->-r /app/requirements.txt (line 1))
  Downloading https://files.pythonhosted.org/packages/fb/84/6d82f6be218c50b547aa29d0315e430cf8a23c52064c92d0a8377d7b7357/yarl-1.3.0.tar.gz (159kB)
Collecting idna-ssl>=1.0; python_version < "3.7" (from aiohttp>=3.3.2->aioalice==1.2.4->-r /app/requirements.txt (line 1))
  Downloading https://files.pythonhosted.org/packages/46/03/07c4894aae38b0de52b52586b24bf189bb83e4ddabfe2e2c8f2419eec6f4/idna-ssl-1.1.0.tar.gz
Collecting chardet<4.0,>=2.0 (from aiohttp>=3.3.2->aioalice==1.2.4->-r /app/requirements.txt (line 1))
  Downloading https://files.pythonhosted.org/packages/bc/a9/01ffebfb562e4274b6487b4bb1ddec7ca55ec7510b22e4c51f14098443b8/chardet-3.0.4-py2.py3-none-any.whl (133kB)
Collecting typing-extensions>=3.6.5; python_version < "3.7" (from aiohttp>=3.3.2->aioalice==1.2.4->-r /app/requirements.txt (line 1))
  Downloading https://files.pythonhosted.org/packages/27/aa/bd1442cfb0224da1b671ab334d3b0a4302e4161ea916e28904ff9618d471/typing_extensions-3.7.4-py3-none-any.whl
Collecting idna>=2.0 (from yarl<2.0,>=1.0->aiohttp>=3.3.2->aioalice==1.2.4->-r /app/requirements.txt (line 1))
  Downloading https://files.pythonhosted.org/packages/14/2c/cd551d81dbe15200be1cf41cd03869a46fe7226e7450af7a6545bfc474c9/idna-2.8-py2.py3-none-any.whl (58kB)
Building wheels for collected packages: aiohttp
  Building wheel for aiohttp (PEP 517): started
  Building wheel for aiohttp (PEP 517): finished with status 'done'
  Stored in directory: /root/.cache/pip/wheels/f2/8b/d3/ee080552ff95efe1f875d838c77b26127539e6a9e20240937e
Successfully built aiohttp
Building wheels for collected packages: envparse, aiohttp-healthcheck, pymongo, prometheus-client, wrapt, multidict, yarl, idna-ssl
  Building wheel for envparse (setup.py): started
  Building wheel for envparse (setup.py): finished with status 'done'
  Stored in directory: /root/.cache/pip/wheels/af/f0/a2/8e7f99dd8fe717b0ba4815ea52ff0c96dea15b975db317cd82
  Building wheel for aiohttp-healthcheck (setup.py): started
  Building wheel for aiohttp-healthcheck (setup.py): finished with status 'done'
  Stored in directory: /root/.cache/pip/wheels/a8/3d/b0/48debe84ea68b987f6af367f6e085669d5d9ed911c8a819c85
  Building wheel for pymongo (setup.py): started
  Building wheel for pymongo (setup.py): finished with status 'done'
  Stored in directory: /root/.cache/pip/wheels/a3/3e/43/996c9a3b75b246d4a47fef3a3d17d294163bbc1ef4adacf8d4
  Building wheel for prometheus-client (setup.py): started
  Building wheel for prometheus-client (setup.py): finished with status 'done'
  Stored in directory: /root/.cache/pip/wheels/1c/54/34/fd47cd9b308826cc4292b54449c1899a30251ef3b506bc91ea
  Building wheel for wrapt (setup.py): started
  Building wheel for wrapt (setup.py): finished with status 'done'
  Stored in directory: /root/.cache/pip/wheels/d7/de/2e/efa132238792efb6459a96e85916ef8597fcb3d2ae51590dfd
  Building wheel for multidict (setup.py): started
  Building wheel for multidict (setup.py): finished with status 'done'
  Stored in directory: /root/.cache/pip/wheels/2c/da/e3/ca777643441696420fa99eb91a75a3915269f544c42d944492
  Building wheel for yarl (setup.py): started
  Building wheel for yarl (setup.py): finished with status 'done'
  Stored in directory: /root/.cache/pip/wheels/e3/f0/13/d7c1c5cd76ef321fb635ce79232ca973cd0c91fabaaa71e1c7
  Building wheel for idna-ssl (setup.py): started
  Building wheel for idna-ssl (setup.py): finished with status 'done'
  Stored in directory: /root/.cache/pip/wheels/d3/00/b3/32d613e19e08a739751dd6bf998cfed277728f8b2127ad4eb7
Successfully built envparse aiohttp-healthcheck pymongo prometheus-client wrapt multidict yarl idna-ssl
Installing collected packages: async-timeout, multidict, idna, yarl, idna-ssl, chardet, typing-extensions, attrs, aiohttp, aioalice, pymongo, motor, envparse, aiohttp-healthcheck, prometheus-client, wrapt, prometheus-async
Successfully installed aioalice-1.2.4 aiohttp-3.5.4 aiohttp-healthcheck-1.3.1 async-timeout-3.0.1 attrs-19.1.0 chardet-3.0.4 envparse-0.2.0 idna-2.8 idna-ssl-1.1.0 motor-2.0.0 multidict-4.5.2 prometheus-async-19.2.0 prometheus-client-0.7.1 pymongo-3.9.0 typing-extensions-3.7.4 wrapt-1.11.2 yarl-1.3.0
You are using pip version 19.0.1, however version 19.2.2 is available.
You should consider upgrading via the 'pip install --upgrade pip' command.
WARNING: Ignoring APKINDEX.70c88391.tar.gz: No such file or directory
WARNING: Ignoring APKINDEX.5022a8a2.tar.gz: No such file or directory
(1/22) Purging build-base (0.5-r0)
(2/22) Purging g++ (6.4.0-r5)
(3/22) Purging gcc (6.4.0-r5)
(4/22) Purging binutils (2.30-r2)
(5/22) Purging libatomic (6.4.0-r5)
(6/22) Purging libgomp (6.4.0-r5)
(7/22) Purging libstdc++ (6.4.0-r5)
(8/22) Purging make (4.2.1-r0)
(9/22) Purging libc-dev (0.7.1-r0)
(10/22) Purging musl-dev (1.1.18-r4)
(11/22) Purging fortify-headers (0.9-r0)
(12/22) Purging git (2.15.3-r0)
(13/22) Purging binutils-libs (2.30-r2)
(14/22) Purging mpc1 (1.0.3-r1)
(15/22) Purging mpfr3 (3.1.5-r1)
(16/22) Purging isl (0.18-r0)
(17/22) Purging gmp (6.1.2-r1)
(18/22) Purging pkgconf (1.3.10-r0)
(19/22) Purging libgcc (6.4.0-r5)
(20/22) Purging libcurl (7.61.1-r2)
(21/22) Purging libssh2 (1.8.2-r0)
(22/22) Purging pcre2 (10.30-r0)
Executing busybox-1.27.2-r11.trigger
OK: 16 MiB in 33 packages
[36mINFO[0m[0061] Taking snapshot of full filesystem...        
[36mINFO[0m[0063] Pushing layer cr.yandex/todo/cache:7aa63218ef7e0c9b1f3c1d24f2c65cdbecf1f5ae46a234da1740aa806ad8eb96 to cache now 
[36mINFO[0m[0063] EXPOSE 5000                                  
[36mINFO[0m[0063] cmd: EXPOSE                                  
[36mINFO[0m[0063] Adding exposed port: 5000/tcp                
[36mINFO[0m[0063] No files changed in this command, skipping snapshotting. 
[36mINFO[0m[0063] Using files from context: [/workspace/source/app] 
[36mINFO[0m[0063] COPY ./app /app                              
[36mINFO[0m[0063] Taking snapshot of files...                  
[36mINFO[0m[0063] WORKDIR ${DIR}                               
[36mINFO[0m[0063] cmd: workdir                                 
[36mINFO[0m[0063] Changed working directory to /app            
[36mINFO[0m[0063] No files changed in this command, skipping snapshotting. 
[36mINFO[0m[0063] CMD ["python", "app.py"]                     
[36mINFO[0m[0063] No files changed in this command, skipping snapshotting. 
[33mWARN[0m[0063] error uploading layer to cache: failed to push to destination cr.yandex/todo/cache:7aa63218ef7e0c9b1f3c1d24f2c65cdbecf1f5ae46a234da1740aa806ad8eb96: NAME_UNKNOWN: Registry todo not found ; requestId = 0c198811-e696-42aa-b6fa-1f12654fad27 
2019/08/22 15:40:54 existing blob: sha256:692f29ee68fa6bab04aa6a1c6d8db0ad44e287e5ff5c7e1d5794c3aabc55884d
2019/08/22 15:40:54 existing blob: sha256:c30e40bb471c65cd7c6222d33c055fd4431957508a1e2d96996a0250af22228f
2019/08/22 15:40:54 existing blob: sha256:f75fc7ac1098aa717d52baf7ed852aaf2d531c07f1de48e72be6c1670079f071
2019/08/22 15:40:54 existing blob: sha256:51a8cc25b36b05f393d83c0f5ef743dfd216664fb657bfc486c4e863ed97a99d
2019/08/22 15:40:54 existing blob: sha256:48ecbb6b270eb481cb6df2a5b0332de294ec729e1968e92d725f1329637ce01b
2019/08/22 15:40:56 pushed blob: sha256:0147b9187096df06847fac6a24c8f5369d97d44b0968ec1b471632580ac868c0
2019/08/22 15:40:56 pushed blob: sha256:96b47bba09da69f0c3ebe07402e97b483c43724cf9c06c96e591ea462ee7ac8f
2019/08/22 15:40:56 pushed blob: sha256:f8006bfe45c83a2ab8abfe22fbde4f04e8ea033ddd7cdbed503b45bc06485982
2019/08/22 15:40:57 pushed blob: sha256:0e6f17c61b1a42ec5dfdc1fa70dc0887a993eb6ce2bb5577cb598541371ed87c
2019/08/22 15:40:58 cr.yandex/crp3htu2ntob6dl52795/erundopel:0.0.39: digest: sha256:da825616802e982cd51ef74ed2441522fb268c5dae1b44bd0685d62c462776fa size: 1566
Step: step-build-post-build:

no CVE provider running in the current ** namespace so skip adding image to be analysed
Step: step-promote-changelog:

Converted /workspace/source/charts/erundopel to an unshallow repository
Generating change log from git ref ad0cf2d65f22e76e609e97f05f1121dbc9e4c9b6 => 23c1a33ed26a887dfab5deee90c04b4c4c7f5c17
Associating user x-0 in users.jenkins.io with email goodsmileduck@gmail.com to git GitProvider user with login -0 as emails match
Adding label jenkins.io/git-github-userid=-0 to user x-0 in users.jenkins.io
WARNING: Failed to enrich commit fde5977fd02fa7b6091e85e0207c067ac5544f09 with issues: User.jenkins.io "x-0" is invalid: metadata.labels: Invalid value: "-0": a valid label must be an empty string or consist of alphanumeric characters, '-', '_' or '.', and must start and end with an alphanumeric character (e.g. 'MyValue',  or 'my_value',  or '12345', regex used for validation is '(([A-Za-z0-9][-A-Za-z0-9_.]*)?[A-Za-z0-9])?')
Associating user x-0 in users.jenkins.io with email goodsmileduck@gmail.com to git GitProvider user with login -0 as emails match
Adding label jenkins.io/git-github-userid=-0 to user x-0 in users.jenkins.io
WARNING: Failed to enrich commit fde5977fd02fa7b6091e85e0207c067ac5544f09 with issues: User.jenkins.io "x-0" is invalid: metadata.labels: Invalid value: "-0": a valid label must be an empty string or consist of alphanumeric characters, '-', '_' or '.', and must start and end with an alphanumeric character (e.g. 'MyValue',  or 'my_value',  or '12345', regex used for validation is '(([A-Za-z0-9][-A-Za-z0-9_.]*)?[A-Za-z0-9])?')
Finding issues in commit messages using git format
Associating user x-0 in users.jenkins.io with email goodsmileduck@gmail.com to git GitProvider user with login -0 as emails match
Adding label jenkins.io/git-github-userid=-0 to user x-0 in users.jenkins.io
WARNING: Failed to enrich commit f3fd14ffecb0cb9bf1499bbd28fbef0dae1c4809 with issues: User.jenkins.io "x-0" is invalid: metadata.labels: Invalid value: "-0": a valid label must be an empty string or consist of alphanumeric characters, '-', '_' or '.', and must start and end with an alphanumeric character (e.g. 'MyValue',  or 'my_value',  or '12345', regex used for validation is '(([A-Za-z0-9][-A-Za-z0-9_.]*)?[A-Za-z0-9])?')
Associating user x-0 in users.jenkins.io with email goodsmileduck@gmail.com to git GitProvider user with login -0 as emails match
Adding label jenkins.io/git-github-userid=-0 to user x-0 in users.jenkins.io
WARNING: Failed to enrich commit f3fd14ffecb0cb9bf1499bbd28fbef0dae1c4809 with issues: User.jenkins.io "x-0" is invalid: metadata.labels: Invalid value: "-0": a valid label must be an empty string or consist of alphanumeric characters, '-', '_' or '.', and must start and end with an alphanumeric character (e.g. 'MyValue',  or 'my_value',  or '12345', regex used for validation is '(([A-Za-z0-9][-A-Za-z0-9_.]*)?[A-Za-z0-9])?')
WARNING: No release found for *************/erundopel and tag v0.0.39 so creating a new release
Updated the release information at https://github.com/*************/erundopel/releases/tag/v0.0.39
generated: /workspace/source/charts/erundopel/templates/release.yaml
Created Release erundopel-0-0-39 resource in namespace **
Updating PipelineActivity goodsmileduck-erundopel-master-7 with version 0.0.39
Updated PipelineActivities goodsmileduck-erundopel-master-7 with release notes URL: https://github.com/*************/erundopel/releases/tag/v0.0.39
Step: step-promote-helm-release:

WARNING: No $CHART_REPOSITORY defined so using the default value of: http://jenkins-x-chartmuseum:8080
Adding missing Helm repo: storage.googleapis.com https://storage.googleapis.com/chartmuseum.jenkins-x.io
Successfully added Helm repository storage.googleapis.com.
Adding missing Helm repo: jenkins-x-chartmuseum http://jenkins-x-chartmuseum:8080
Successfully added Helm repository jenkins-x-chartmuseum.
WARNING: No $CHART_REPOSITORY defined so using the default value of: http://jenkins-x-chartmuseum:8080
Uploading chart file erundopel-0.0.39.tgz to http://jenkins-x-chartmuseum:8080/api/charts
Received 201 response: {"saved":true}
Step: step-promote-**-promote:

WARNING: prow based install so skip waiting for the merge of Pull Requests to go green as currently there is an issue with gettingstatuses from the PR, see https://github.com/jenkins-x/**/issues/2410
Promoting app erundopel version 0.0.39 to namespace staging
Created Pull Request: https://github.com/*************/environment-yandex-staging/pull/45
Added label  to Pull Request https://github.com/*************/environment-yandex-staging/pull/45
Pull Request https://github.com/*************/environment-yandex-staging/pull/45 is merged at sha 7918a2be7d896c2dc4c64e0d3c64235e16a5c327
Pull Request merged but we are not waiting for the update pipeline to complete!
ERROR: error finding ingress for erundopel in namespace staging - err ingresses.extensions "erundopel" not found
WARNING: Could not find the service URL in namespace staging for names erundopel, **-erundopel, staging-erundopel
